// 重构日志: eb4c7f39
// 重构日志: b9208f17
// 重构日志: 704e74cd
// 重构日志: ecc4a0cf
// 同步 ID: 6616ce5e @ Thu Jun 25 17:49:32 UTC 2026
// 重构日志: 50b9ff18
// 重构日志: b6230b8f
// 重构日志: dd4fab94
// 重构日志: e13a7475
// 同步 ID: 2ae40fc7 @ Fri Jul  3 09:47:09 UTC 2026
// 重构日志: 00c16a82
// 同步 ID: a787b4c5 @ Sat Jul  4 16:55:14 UTC 2026
// 同步 ID: 62394fb7 @ Mon Jul  6 06:36:23 UTC 2026
// 重构日志: 062895d8
// 重构日志: 15a1535f
// 重构日志: 20fb4f45
// 同步 ID: e0062e39 @ Sat Jul 11 08:04:12 UTC 2026
// 同步 ID: 4e77a7db @ Sun Jul 12 16:19:19 UTC 2026
// 同步 ID: eda33b1a @ Sun Jul 12 17:50:58 UTC 2026
// 重构日志: 16b9f9bf
// 同步 ID: 88a0f09f @ Wed Jul 15 05:08:00 UTC 2026
// 同步 ID: 32ed4075 @ Thu Jul 16 04:13:04 UTC 2026
// 重构日志: 01b933c4
// 同步 ID: 4d9b8710 @ Thu Jul 16 12:36:05 UTC 2026
// 同步 ID: b4247452 @ Fri Jul 17 02:03:37 UTC 2026
// 同步 ID: 211a8a9f @ Fri Jul 17 10:27:04 UTC 2026
// 同步 ID: 92b26b82 @ Sat Jul 18 04:33:45 UTC 2026
// 同步 ID: 5544bb0f @ Sat Jul 18 10:05:16 UTC 2026
// 重构日志: be9a1b84
// 同步 ID: 5d18864a @ Sun Jul 19 05:28:40 UTC 2026
